<?xml version="1.0" encoding="UTF-8"?>
<!-- Generated by org.testng.reporters.JUnitReportReporter -->
<testsuite skipped="0" hostname="DESKTOP-QCK44TB" name="org.test.Mobiles_Page" tests="2" failures="0" timestamp="2022-09-24T10:17:20 IST" time="0.076" errors="0">
  <testcase name="l_Page" time="0.070" classname="org.test.Mobiles_Page"/>
  <testcase name="m_Page" time="0.006" classname="org.test.Mobiles_Page"/>
</testsuite> <!-- org.test.Mobiles_Page -->
