<?xml version="1.0" encoding="UTF-8"?>
<!-- Generated by org.testng.reporters.JUnitReportReporter -->
<testsuite skipped="0" hostname="DESKTOP-QCK44TB" name="org.test.Amazon_Shop" tests="2" failures="0" timestamp="2022-09-24T09:28:45 IST" time="0.037" errors="0">
  <testcase name="search" time="0.028" classname="org.test.Amazon_Shop"/>
  <testcase name="cart" time="0.009" classname="org.test.Amazon_Shop"/>
</testsuite> <!-- org.test.Amazon_Shop -->
